{
"src/ArbitrationModule.sol":{"l":{"49":21,"62":17,"64":16,"66":13,"69":13,"74":12,"75":12,"76":12,"77":12,"78":12,"79":12,"80":12,"81":12,"86":12,"87":12,"90":12,"91":12,"94":12,"102":10,"103":10,"106":9,"109":9,"114":9,"117":6,"120":6,"121":3,"123":3,"125":6,"128":6,"129":6,"130":6,"131":6,"132":2,"135":2,"136":0,"139":2,"143":2,"144":2,"148":6,"158":0,"159":0,"162":0,"164":0,"165":0,"171":0,"172":0,"175":0,"180":0,"183":0,"188":0,"194":68,"202":16,"203":16,"207":9,"208":9,"209":17,"210":6,"212":3,"216":0,"217":0,"218":0,"219":0,"223":12,"227":13,"228":13},"path":"/home/blanta/Desktop/development/blockchain/LP/Hamza/hamza-escrow/src/ArbitrationModule.sol","s":{"1":21,"2":17,"3":16,"4":13,"5":13,"6":12,"7":12,"8":10,"9":10,"10":9,"11":9,"12":9,"13":6,"14":6,"15":6,"16":6,"17":6,"18":6,"19":2,"20":0,"21":4,"22":6,"23":0,"24":0,"25":0,"26":0,"27":0,"28":0,"29":0,"30":0,"31":0,"32":68,"33":16,"34":16,"35":9,"36":9,"37":17,"38":6,"39":3,"40":0,"41":0,"42":12,"43":13,"44":13},"b":{"1":[16,1],"2":[13,3],"3":[13,0],"4":[12,1],"5":[9,1],"6":[9,0],"7":[6,3],"8":[6,0],"9":[3,3],"10":[2,4],"11":[0,2],"12":[2,2],"13":[0,0],"14":[0,0],"15":[0,0],"16":[0,0],"17":[0,0],"18":[12,1],"19":[6,11]},"f":{"1":68,"2":21,"3":17,"4":10,"5":0,"6":0,"7":68,"8":16,"9":9,"10":0,"11":12,"12":13},"fnMap":{"1":{"name":"constructor","line":45,"loc":{"start":{"line":45,"column":4},"end":{"line":46,"column":4}}},"2":{"name":"getProposal","line":48,"loc":{"start":{"line":48,"column":4},"end":{"line":50,"column":4}}},"3":{"name":"proposeArbitration","line":52,"loc":{"start":{"line":52,"column":4},"end":{"line":95,"column":4}}},"4":{"name":"voteArbitration","line":97,"loc":{"start":{"line":97,"column":4},"end":{"line":149,"column":4}}},"5":{"name":"cancelArbitration","line":151,"loc":{"start":{"line":151,"column":4},"end":{"line":166,"column":4}}},"6":{"name":"executeArbitration","line":168,"loc":{"start":{"line":168,"column":4},"end":{"line":191,"column":4}}},"7":{"name":"isArbitrationModule","line":193,"loc":{"start":{"line":193,"column":4},"end":{"line":195,"column":4}}},"8":{"name":"_canProposeArbitration","line":201,"loc":{"start":{"line":201,"column":4},"end":{"line":204,"column":4}}},"9":{"name":"_canVoteArbitration","line":206,"loc":{"start":{"line":206,"column":4},"end":{"line":213,"column":4}}},"10":{"name":"_executeArbitration","line":215,"loc":{"start":{"line":215,"column":4},"end":{"line":220,"column":4}}},"11":{"name":"_generateUniqueProposalId","line":222,"loc":{"start":{"line":222,"column":4},"end":{"line":224,"column":4}}},"12":{"name":"_escrowStateIsValid","line":226,"loc":{"start":{"line":226,"column":4},"end":{"line":231,"column":4}}}},"statementMap":{"1":{"start":{"line":49,"column":8},"end":{"line":49,"column":36}},"2":{"start":{"line":62,"column":8},"end":{"line":62,"column":78}},"3":{"start":{"line":64,"column":8},"end":{"line":64,"column":89}},"4":{"start":{"line":66,"column":8},"end":{"line":66,"column":79}},"5":{"start":{"line":69,"column":8},"end":{"line":69,"column":89}},"6":{"start":{"line":74,"column":8},"end":{"line":74,"column":72}},"7":{"start":{"line":94,"column":8},"end":{"line":94,"column":94}},"8":{"start":{"line":102,"column":8},"end":{"line":102,"column":68}},"9":{"start":{"line":103,"column":8},"end":{"line":103,"column":60}},"10":{"start":{"line":106,"column":8},"end":{"line":106,"column":44}},"11":{"start":{"line":109,"column":8},"end":{"line":109,"column":78}},"12":{"start":{"line":114,"column":8},"end":{"line":114,"column":85}},"13":{"start":{"line":117,"column":8},"end":{"line":117,"column":83}},"14":{"start":{"line":120,"column":8},"end":{"line":120,"column":4080}},"15":{"start":{"line":128,"column":8},"end":{"line":128,"column":70}},"16":{"start":{"line":129,"column":8},"end":{"line":129,"column":53}},"17":{"start":{"line":130,"column":8},"end":{"line":130,"column":56}},"18":{"start":{"line":131,"column":8},"end":{"line":131,"column":4507}},"19":{"start":{"line":135,"column":12},"end":{"line":135,"column":4695}},"20":{"start":{"line":136,"column":16},"end":{"line":136,"column":56}},"21":{"start":{"line":142,"column":13},"end":{"line":142,"column":4975}},"22":{"start":{"line":148,"column":8},"end":{"line":148,"column":69}},"23":{"start":{"line":158,"column":8},"end":{"line":158,"column":68}},"24":{"start":{"line":159,"column":8},"end":{"line":159,"column":60}},"25":{"start":{"line":162,"column":8},"end":{"line":162,"column":83}},"26":{"start":{"line":171,"column":8},"end":{"line":171,"column":68}},"27":{"start":{"line":172,"column":8},"end":{"line":172,"column":60}},"28":{"start":{"line":175,"column":8},"end":{"line":175,"column":83}},"29":{"start":{"line":180,"column":8},"end":{"line":180,"column":44}},"30":{"start":{"line":183,"column":8},"end":{"line":183,"column":78}},"31":{"start":{"line":188,"column":8},"end":{"line":188,"column":48}},"32":{"start":{"line":194,"column":8},"end":{"line":194,"column":19}},"33":{"start":{"line":202,"column":8},"end":{"line":202,"column":61}},"34":{"start":{"line":203,"column":8},"end":{"line":203,"column":70}},"35":{"start":{"line":207,"column":8},"end":{"line":207,"column":61}},"36":{"start":{"line":208,"column":8},"end":{"line":208,"column":7398}},"37":{"start":{"line":209,"column":12},"end":{"line":209,"column":7477}},"38":{"start":{"line":210,"column":16},"end":{"line":210,"column":27}},"39":{"start":{"line":212,"column":8},"end":{"line":212,"column":20}},"40":{"start":{"line":216,"column":8},"end":{"line":216,"column":103}},"41":{"start":{"line":219,"column":8},"end":{"line":219,"column":73}},"42":{"start":{"line":223,"column":8},"end":{"line":223,"column":99}},"43":{"start":{"line":227,"column":8},"end":{"line":227,"column":61}},"44":{"start":{"line":228,"column":8},"end":{"line":228,"column":54}}},"branchMap":{"1":{"line":62,"type":"if","locations":[{"start":{"line":62,"column":8},"end":{"line":62,"column":8}},{"start":{"line":62,"column":8},"end":{"line":62,"column":8}}]},"2":{"line":64,"type":"if","locations":[{"start":{"line":64,"column":8},"end":{"line":64,"column":8}},{"start":{"line":64,"column":8},"end":{"line":64,"column":8}}]},"3":{"line":66,"type":"if","locations":[{"start":{"line":66,"column":8},"end":{"line":66,"column":8}},{"start":{"line":66,"column":8},"end":{"line":66,"column":8}}]},"4":{"line":69,"type":"if","locations":[{"start":{"line":69,"column":8},"end":{"line":69,"column":8}},{"start":{"line":69,"column":8},"end":{"line":69,"column":8}}]},"5":{"line":103,"type":"if","locations":[{"start":{"line":103,"column":8},"end":{"line":103,"column":8}},{"start":{"line":103,"column":8},"end":{"line":103,"column":8}}]},"6":{"line":109,"type":"if","locations":[{"start":{"line":109,"column":8},"end":{"line":109,"column":8}},{"start":{"line":109,"column":8},"end":{"line":109,"column":8}}]},"7":{"line":114,"type":"if","locations":[{"start":{"line":114,"column":8},"end":{"line":114,"column":8}},{"start":{"line":114,"column":8},"end":{"line":114,"column":8}}]},"8":{"line":117,"type":"if","locations":[{"start":{"line":117,"column":8},"end":{"line":117,"column":8}},{"start":{"line":117,"column":8},"end":{"line":117,"column":8}}]},"9":{"line":120,"type":"if","locations":[{"start":{"line":120,"column":8},"end":{"line":120,"column":8}},{"start":{"line":120,"column":8},"end":{"line":120,"column":8}}]},"10":{"line":131,"type":"if","locations":[{"start":{"line":131,"column":8},"end":{"line":131,"column":8}},{"start":{"line":131,"column":8},"end":{"line":131,"column":8}}]},"11":{"line":135,"type":"if","locations":[{"start":{"line":135,"column":12},"end":{"line":135,"column":12}},{"start":{"line":135,"column":12},"end":{"line":135,"column":12}}]},"12":{"line":142,"type":"if","locations":[{"start":{"line":142,"column":13},"end":{"line":142,"column":13}},{"start":{"line":142,"column":13},"end":{"line":142,"column":13}}]},"13":{"line":159,"type":"if","locations":[{"start":{"line":159,"column":8},"end":{"line":159,"column":8}},{"start":{"line":159,"column":8},"end":{"line":159,"column":8}}]},"14":{"line":162,"type":"if","locations":[{"start":{"line":162,"column":8},"end":{"line":162,"column":8}},{"start":{"line":162,"column":8},"end":{"line":162,"column":8}}]},"15":{"line":172,"type":"if","locations":[{"start":{"line":172,"column":8},"end":{"line":172,"column":8}},{"start":{"line":172,"column":8},"end":{"line":172,"column":8}}]},"16":{"line":175,"type":"if","locations":[{"start":{"line":175,"column":8},"end":{"line":175,"column":8}},{"start":{"line":175,"column":8},"end":{"line":175,"column":8}}]},"17":{"line":183,"type":"if","locations":[{"start":{"line":183,"column":8},"end":{"line":183,"column":8}},{"start":{"line":183,"column":8},"end":{"line":183,"column":8}}]},"18":{"line":203,"type":"cond-expr","locations":[{"start":{"line":203,"column":16},"end":{"line":203,"column":38}},{"start":{"line":203,"column":43},"end":{"line":203,"column":68}}]},"19":{"line":209,"type":"if","locations":[{"start":{"line":209,"column":12},"end":{"line":209,"column":12}},{"start":{"line":209,"column":12},"end":{"line":209,"column":12}}]}}},
"src/CarefulMath.sol":{"l":{"40":0,"41":0,"42":0,"49":0,"50":0,"51":0,"56":0,"57":0,"65":0,"66":0,"77":0,"79":0,"80":0,"92":0,"97":0,"101":0,"102":0,"103":0,"104":0,"105":0,"106":0,"112":0,"117":0},"path":"/home/blanta/Desktop/development/blockchain/LP/Hamza/hamza-escrow/src/CarefulMath.sol","s":{"1":0,"2":0,"3":0,"4":0,"5":0,"6":0,"7":0,"8":0,"9":0},"b":{"1":[0,0],"2":[0,0]},"f":{"1":0,"2":0,"3":0},"fnMap":{"1":{"name":"mulDiv","line":35,"loc":{"start":{"line":35,"column":4},"end":{"line":114,"column":4}}},"2":{"name":"div","line":116,"loc":{"start":{"line":116,"column":4},"end":{"line":118,"column":4}}},"3":{"name":"test","line":121,"loc":{"start":{"line":121,"column":4},"end":{"line":121,"column":28}}}},"statementMap":{"1":{"start":{"line":40,"column":8},"end":{"line":40,"column":21}},"2":{"start":{"line":41,"column":8},"end":{"line":41,"column":21}},"3":{"start":{"line":49,"column":8},"end":{"line":49,"column":1917}},"4":{"start":{"line":51,"column":16},"end":{"line":51,"column":42}},"5":{"start":{"line":56,"column":8},"end":{"line":56,"column":2120}},"6":{"start":{"line":65,"column":8},"end":{"line":65,"column":25}},"7":{"start":{"line":79,"column":12},"end":{"line":79,"column":62}},"8":{"start":{"line":97,"column":12},"end":{"line":97,"column":51}},"9":{"start":{"line":117,"column":8},"end":{"line":117,"column":48}}},"branchMap":{"1":{"line":49,"type":"if","locations":[{"start":{"line":49,"column":8},"end":{"line":49,"column":8}},{"start":{"line":49,"column":8},"end":{"line":49,"column":8}}]},"2":{"line":56,"type":"if","locations":[{"start":{"line":56,"column":8},"end":{"line":56,"column":8}},{"start":{"line":56,"column":8},"end":{"line":56,"column":8}}]}}},
"src/HasSecurityContext.sol":{"l":{"21":0,"22":0,"24":0,"28":0,"32":0,"36":207,"38":207,"39":139,"41":68,"42":0,"46":207,"47":139,"48":139},"path":"/home/blanta/Desktop/development/blockchain/LP/Hamza/hamza-escrow/src/HasSecurityContext.sol","s":{"1":0,"2":0,"3":0,"4":207,"5":207,"6":68,"7":0,"8":207,"9":139},"b":{"1":[0,0],"2":[0,0],"3":[0,207],"4":[139,68],"5":[0,68],"6":[139,68]},"f":{"1":0,"2":0,"3":0,"4":207},"fnMap":{"1":{"name":"onlyRole","line":20,"loc":{"start":{"line":20,"column":4},"end":{"line":25,"column":4}}},"2":{"name":"getSecurityContext","line":27,"loc":{"start":{"line":27,"column":4},"end":{"line":29,"column":4}}},"3":{"name":"setSecurityContext","line":31,"loc":{"start":{"line":31,"column":4},"end":{"line":33,"column":4}}},"4":{"name":"_setSecurityContext","line":35,"loc":{"start":{"line":35,"column":4},"end":{"line":50,"column":4}}}},"statementMap":{"1":{"start":{"line":21,"column":8},"end":{"line":21,"column":530}},"2":{"start":{"line":28,"column":8},"end":{"line":28,"column":30}},"3":{"start":{"line":32,"column":8},"end":{"line":32,"column":44}},"4":{"start":{"line":36,"column":8},"end":{"line":36,"column":81}},"5":{"start":{"line":38,"column":8},"end":{"line":38,"column":1127}},"6":{"start":{"line":41,"column":12},"end":{"line":41,"column":1212}},"7":{"start":{"line":42,"column":16},"end":{"line":42,"column":44}},"8":{"start":{"line":46,"column":8},"end":{"line":46,"column":1351}},"9":{"start":{"line":48,"column":12},"end":{"line":48,"column":74}}},"branchMap":{"1":{"line":21,"type":"if","locations":[{"start":{"line":21,"column":8},"end":{"line":21,"column":8}},{"start":{"line":21,"column":8},"end":{"line":21,"column":8}}]},"2":{"line":31,"type":"if","locations":[{"start":{"line":31,"column":84},"end":{"line":31,"column":84}},{"start":{"line":31,"column":84},"end":{"line":31,"column":84}}]},"3":{"line":36,"type":"if","locations":[{"start":{"line":36,"column":8},"end":{"line":36,"column":8}},{"start":{"line":36,"column":8},"end":{"line":36,"column":8}}]},"4":{"line":38,"type":"if","locations":[{"start":{"line":38,"column":8},"end":{"line":38,"column":8}},{"start":{"line":38,"column":8},"end":{"line":38,"column":8}}]},"5":{"line":41,"type":"if","locations":[{"start":{"line":41,"column":12},"end":{"line":41,"column":12}},{"start":{"line":41,"column":12},"end":{"line":41,"column":12}}]},"6":{"line":46,"type":"if","locations":[{"start":{"line":46,"column":8},"end":{"line":46,"column":8}},{"start":{"line":46,"column":8},"end":{"line":46,"column":8}}]}}},
"src/interfaces/IArbitrationModule.sol":{"l":{},"path":"/home/blanta/Desktop/development/blockchain/LP/Hamza/hamza-escrow/src/interfaces/IArbitrationModule.sol","s":{},"b":{},"f":{},"fnMap":{},"statementMap":{},"branchMap":{}},
"src/interfaces/IPolyEscrow.sol":{"l":{},"path":"/home/blanta/Desktop/development/blockchain/LP/Hamza/hamza-escrow/src/interfaces/IPolyEscrow.sol","s":{},"b":{},"f":{},"fnMap":{},"statementMap":{},"branchMap":{}},
"src/interfaces/ISecurityContext.sol":{"l":{},"path":"/home/blanta/Desktop/development/blockchain/LP/Hamza/hamza-escrow/src/interfaces/ISecurityContext.sol","s":{},"b":{},"f":{},"fnMap":{},"statementMap":{},"branchMap":{}},
"src/interfaces/ISystemSettings.sol":{"l":{},"path":"/home/blanta/Desktop/development/blockchain/LP/Hamza/hamza-escrow/src/interfaces/ISystemSettings.sol","s":{},"b":{},"f":{},"fnMap":{},"statementMap":{},"branchMap":{}},
"src/Pausable.sol":{"l":{"18":142,"19":142,"23":0,"24":0,"30":72,"37":0,"44":0},"path":"/home/blanta/Desktop/development/blockchain/LP/Hamza/hamza-escrow/src/Pausable.sol","s":{"1":142,"2":0,"3":72},"b":{"1":[142,0],"2":[0,0],"3":[0,0],"4":[0,0],"5":[0,0],"6":[0,0]},"f":{"1":142,"2":0,"3":72,"4":0,"5":0},"fnMap":{"1":{"name":"whenNotPaused","line":17,"loc":{"start":{"line":17,"column":4},"end":{"line":20,"column":4}}},"2":{"name":"whenPaused","line":22,"loc":{"start":{"line":22,"column":4},"end":{"line":25,"column":4}}},"3":{"name":"constructor","line":29,"loc":{"start":{"line":29,"column":4},"end":{"line":31,"column":4}}},"4":{"name":"pause","line":36,"loc":{"start":{"line":36,"column":4},"end":{"line":38,"column":4}}},"5":{"name":"unpause","line":43,"loc":{"start":{"line":43,"column":4},"end":{"line":45,"column":4}}}},"statementMap":{"1":{"start":{"line":18,"column":8},"end":{"line":18,"column":33}},"2":{"start":{"line":23,"column":8},"end":{"line":23,"column":35}},"3":{"start":{"line":30,"column":8},"end":{"line":30,"column":43}}},"branchMap":{"1":{"line":18,"type":"if","locations":[{"start":{"line":18,"column":8},"end":{"line":18,"column":8}},{"start":{"line":18,"column":8},"end":{"line":18,"column":8}}]},"2":{"line":23,"type":"if","locations":[{"start":{"line":23,"column":8},"end":{"line":23,"column":8}},{"start":{"line":23,"column":8},"end":{"line":23,"column":8}}]},"3":{"line":36,"type":"if","locations":[{"start":{"line":36,"column":30},"end":{"line":36,"column":30}},{"start":{"line":36,"column":30},"end":{"line":36,"column":30}}]},"4":{"line":36,"type":"if","locations":[{"start":{"line":36,"column":44},"end":{"line":36,"column":44}},{"start":{"line":36,"column":44},"end":{"line":36,"column":44}}]},"5":{"line":43,"type":"if","locations":[{"start":{"line":43,"column":32},"end":{"line":43,"column":32}},{"start":{"line":43,"column":32},"end":{"line":43,"column":32}}]},"6":{"line":43,"type":"if","locations":[{"start":{"line":43,"column":43},"end":{"line":43,"column":43}},{"start":{"line":43,"column":43},"end":{"line":43,"column":43}}]}}},
"src/PolyEscrow.sol":{"l":{"95":68,"96":68,"97":68,"99":68,"100":67,"107":68,"109":68,"111":67,"113":66,"115":65,"117":64,"119":61,"120":39,"123":61,"128":60,"131":59,"132":59,"133":59,"134":59,"135":59,"136":59,"137":59,"138":59,"139":59,"140":59,"141":59,"142":59,"143":59,"144":59,"145":59,"146":59,"147":59,"148":59,"149":59,"151":59,"152":1,"153":1,"156":58,"158":59,"161":59,"170":184,"187":49,"190":49,"195":48,"198":47,"200":16,"203":31,"207":44,"209":44,"210":44,"211":38,"214":38,"221":44,"244":12,"246":12,"249":2,"257":10,"258":10,"259":5,"260":4,"261":4,"264":10,"265":5,"266":4,"267":4,"271":10,"272":5,"294":11,"299":11,"301":9,"311":0,"319":3,"320":3,"321":3,"322":0,"323":0,"324":0,"327":3,"332":3,"333":0,"338":0,"339":0,"340":0,"343":0,"344":0,"347":0,"351":0,"352":0,"353":0,"354":0,"355":0,"361":12,"365":12,"366":12,"367":6,"370":6,"371":6,"374":12,"375":12,"378":0,"382":12,"394":31,"395":31,"404":49,"408":0,"409":0,"410":0,"411":0,"414":0,"418":3,"419":3,"421":0,"425":0,"426":0,"428":0,"432":64,"434":64,"435":56,"436":55,"437":47,"439":55,"440":54,"445":39,"446":0,"449":39,"450":39,"452":0,"457":9,"459":9,"461":9,"463":9,"464":0,"467":9,"468":9,"469":9,"470":9,"476":5,"478":5,"480":3,"482":3,"483":0,"486":3,"489":3,"493":3,"494":3,"495":3,"496":3,"497":3,"503":0,"506":0,"507":0,"508":0,"509":0,"514":0,"515":0,"519":0,"520":0,"523":0,"527":17,"531":0,"532":0,"534":0,"536":0,"537":0,"539":0},"path":"/home/blanta/Desktop/development/blockchain/LP/Hamza/hamza-escrow/src/PolyEscrow.sol","s":{"1":68,"2":68,"3":67,"4":68,"5":68,"6":67,"7":66,"8":65,"9":64,"10":61,"11":39,"12":61,"13":60,"14":59,"15":59,"16":1,"17":59,"18":184,"19":49,"20":49,"21":48,"22":47,"23":16,"24":31,"25":44,"26":44,"27":38,"28":44,"29":12,"30":12,"31":2,"32":10,"33":10,"34":5,"35":4,"36":10,"37":5,"38":4,"39":10,"40":5,"41":11,"42":11,"43":9,"44":0,"45":3,"46":3,"47":0,"48":3,"49":3,"50":0,"51":0,"52":0,"53":0,"54":0,"55":0,"56":0,"57":0,"58":0,"59":12,"60":12,"61":12,"62":6,"63":12,"64":12,"65":0,"66":12,"67":31,"68":31,"69":49,"70":0,"71":0,"72":0,"73":0,"74":0,"75":3,"76":3,"77":0,"78":0,"79":0,"80":0,"81":64,"82":64,"83":56,"84":55,"85":47,"86":55,"87":54,"88":39,"89":0,"90":39,"91":39,"92":0,"93":9,"94":9,"95":9,"96":9,"97":0,"98":9,"99":9,"100":9,"101":5,"102":5,"103":3,"104":3,"105":0,"106":3,"107":3,"108":3,"109":3,"110":0,"111":0,"112":0,"113":0,"114":0,"115":0,"116":0,"117":0,"118":17,"119":0,"120":0,"121":0,"122":0,"123":0,"124":0,"125":0},"b":{"1":[67,1],"2":[67,0],"3":[68,0],"4":[68,0],"5":[67,1],"6":[66,1],"7":[65,1],"8":[64,1],"9":[39,22],"10":[39,0],"11":[60,1],"12":[59,1],"13":[1,58],"14":[1,0],"15":[49,0],"16":[48,1],"17":[47,1],"18":[16,31],"19":[15,1],"20":[29,2],"21":[38,6],"22":[12,0],"23":[2,10],"24":[10,0],"25":[5,5],"26":[4,1],"27":[5,5],"28":[4,1],"29":[5,5],"30":[11,0],"31":[9,2],"32":[0,3],"33":[0,0],"34":[3,0],"35":[0,0],"36":[0,0],"37":[0,0],"38":[0,0],"39":[0,0],"40":[0,0],"41":[12,0],"42":[6,6],"43":[12,0],"44":[49,0],"45":[0,0],"46":[3,0],"47":[0,0],"48":[64,0],"49":[55,1],"50":[47,0],"51":[54,1],"52":[53,1],"53":[0,39],"54":[9,0],"55":[0,9],"56":[9,0],"57":[9,0],"58":[3,2],"59":[0,3],"60":[3,0],"61":[0,3],"62":[3,0],"63":[0,0],"64":[0,0],"65":[0,0],"66":[0,0],"67":[0,0],"68":[0,0],"69":[0,0],"70":[0,0]},"f":{"1":68,"2":68,"3":184,"4":49,"5":12,"6":11,"7":0,"8":3,"9":3,"10":0,"11":12,"12":31,"13":49,"14":0,"15":3,"16":0,"17":64,"18":39,"19":9,"20":5,"21":0,"22":17,"23":0},"fnMap":{"1":{"name":"constructor","line":93,"loc":{"start":{"line":88,"column":4},"end":{"line":101,"column":4}}},"2":{"name":"createEscrow","line":105,"loc":{"start":{"line":105,"column":4},"end":{"line":162,"column":4}}},"3":{"name":"getEscrow","line":169,"loc":{"start":{"line":169,"column":4},"end":{"line":171,"column":4}}},"4":{"name":"placePayment","line":186,"loc":{"start":{"line":186,"column":4},"end":{"line":226,"column":4}}},"5":{"name":"releaseEscrow","line":243,"loc":{"start":{"line":243,"column":4},"end":{"line":274,"column":4}}},"6":{"name":"refundPayment","line":293,"loc":{"start":{"line":293,"column":4},"end":{"line":302,"column":4}}},"7":{"name":"getSecurityContext","line":310,"loc":{"start":{"line":310,"column":4},"end":{"line":312,"column":4}}},"8":{"name":"_calculateFeeAndAmount","line":318,"loc":{"start":{"line":318,"column":4},"end":{"line":328,"column":4}}},"9":{"name":"_handleFeeTransfer","line":331,"loc":{"start":{"line":331,"column":4},"end":{"line":334,"column":4}}},"10":{"name":"_releaseEscrowPayment","line":337,"loc":{"start":{"line":337,"column":4},"end":{"line":358,"column":4}}},"11":{"name":"_transferAmount","line":360,"loc":{"start":{"line":360,"column":4},"end":{"line":383,"column":4}}},"12":{"name":"_handleTokenInflow","line":393,"loc":{"start":{"line":393,"column":4},"end":{"line":396,"column":4}}},"13":{"name":"_validatePaymentInput","line":403,"loc":{"start":{"line":403,"column":4},"end":{"line":405,"column":4}}},"14":{"name":"_isArbiter","line":407,"loc":{"start":{"line":407,"column":4},"end":{"line":415,"column":4}}},"15":{"name":"_getFeeBps","line":417,"loc":{"start":{"line":417,"column":4},"end":{"line":422,"column":4}}},"16":{"name":"_getVaultAddress","line":424,"loc":{"start":{"line":424,"column":4},"end":{"line":429,"column":4}}},"17":{"name":"_validateArbiters","line":431,"loc":{"start":{"line":431,"column":4},"end":{"line":442,"column":4}}},"18":{"name":"_isErc20","line":444,"loc":{"start":{"line":444,"column":4},"end":{"line":454,"column":4}}},"19":{"name":"_refund","line":456,"loc":{"start":{"line":456,"column":4},"end":{"line":473,"column":4}}},"20":{"name":"_release","line":475,"loc":{"start":{"line":475,"column":4},"end":{"line":500,"column":4}}},"21":{"name":"_executeArbitration","line":502,"loc":{"start":{"line":502,"column":4},"end":{"line":524,"column":4}}},"22":{"name":"_getEscrowAmountRemaining","line":526,"loc":{"start":{"line":526,"column":4},"end":{"line":528,"column":4}}},"23":{"name":"executeArbitrationProposal","line":530,"loc":{"start":{"line":530,"column":4},"end":{"line":541,"column":4}}}},"statementMap":{"1":{"start":{"line":95,"column":8},"end":{"line":95,"column":43}},"2":{"start":{"line":99,"column":8},"end":{"line":99,"column":84}},"3":{"start":{"line":100,"column":8},"end":{"line":100,"column":83}},"4":{"start":{"line":107,"column":8},"end":{"line":107,"column":46}},"5":{"start":{"line":109,"column":8},"end":{"line":109,"column":57}},"6":{"start":{"line":111,"column":8},"end":{"line":111,"column":63}},"7":{"start":{"line":113,"column":8},"end":{"line":113,"column":49}},"8":{"start":{"line":115,"column":8},"end":{"line":115,"column":76}},"9":{"start":{"line":117,"column":8},"end":{"line":117,"column":69}},"10":{"start":{"line":119,"column":8},"end":{"line":119,"column":3840}},"11":{"start":{"line":120,"column":12},"end":{"line":120,"column":60}},"12":{"start":{"line":123,"column":8},"end":{"line":123,"column":64}},"13":{"start":{"line":128,"column":8},"end":{"line":128,"column":67}},"14":{"start":{"line":131,"column":8},"end":{"line":131,"column":28}},"15":{"start":{"line":151,"column":8},"end":{"line":151,"column":5044}},"16":{"start":{"line":152,"column":12},"end":{"line":152,"column":93}},"17":{"start":{"line":161,"column":8},"end":{"line":161,"column":36}},"18":{"start":{"line":170,"column":8},"end":{"line":170,"column":32}},"19":{"start":{"line":187,"column":8},"end":{"line":187,"column":42}},"20":{"start":{"line":190,"column":8},"end":{"line":190,"column":91}},"21":{"start":{"line":195,"column":8},"end":{"line":195,"column":100}},"22":{"start":{"line":198,"column":8},"end":{"line":198,"column":6688}},"23":{"start":{"line":200,"column":12},"end":{"line":200,"column":69}},"24":{"start":{"line":203,"column":12},"end":{"line":203,"column":116}},"25":{"start":{"line":207,"column":8},"end":{"line":207,"column":62}},"26":{"start":{"line":210,"column":8},"end":{"line":210,"column":7187}},"27":{"start":{"line":214,"column":12},"end":{"line":214,"column":7342}},"28":{"start":{"line":221,"column":8},"end":{"line":221,"column":7500}},"29":{"start":{"line":244,"column":8},"end":{"line":244,"column":49}},"30":{"start":{"line":246,"column":8},"end":{"line":246,"column":8245}},"31":{"start":{"line":249,"column":12},"end":{"line":249,"column":33}},"32":{"start":{"line":257,"column":8},"end":{"line":257,"column":8634}},"33":{"start":{"line":258,"column":12},"end":{"line":258,"column":8675}},"34":{"start":{"line":259,"column":16},"end":{"line":259,"column":8732}},"35":{"start":{"line":261,"column":20},"end":{"line":261,"column":68}},"36":{"start":{"line":264,"column":12},"end":{"line":264,"column":8926}},"37":{"start":{"line":265,"column":16},"end":{"line":265,"column":8980}},"38":{"start":{"line":267,"column":20},"end":{"line":267,"column":68}},"39":{"start":{"line":271,"column":12},"end":{"line":271,"column":9226}},"40":{"start":{"line":272,"column":16},"end":{"line":272,"column":68}},"41":{"start":{"line":294,"column":8},"end":{"line":294,"column":49}},"42":{"start":{"line":299,"column":8},"end":{"line":299,"column":62}},"43":{"start":{"line":301,"column":8},"end":{"line":301,"column":32}},"44":{"start":{"line":311,"column":8},"end":{"line":311,"column":40}},"45":{"start":{"line":320,"column":8},"end":{"line":320,"column":37}},"46":{"start":{"line":321,"column":8},"end":{"line":321,"column":10850}},"47":{"start":{"line":323,"column":12},"end":{"line":323,"column":10945}},"48":{"start":{"line":332,"column":8},"end":{"line":332,"column":33}},"49":{"start":{"line":332,"column":22},"end":{"line":332,"column":33}},"50":{"start":{"line":333,"column":8},"end":{"line":333,"column":75}},"51":{"start":{"line":338,"column":8},"end":{"line":338,"column":49}},"52":{"start":{"line":339,"column":8},"end":{"line":339,"column":11490}},"53":{"start":{"line":340,"column":12},"end":{"line":340,"column":18}},"54":{"start":{"line":343,"column":8},"end":{"line":343,"column":64}},"55":{"start":{"line":344,"column":8},"end":{"line":344,"column":81}},"56":{"start":{"line":347,"column":8},"end":{"line":347,"column":11843}},"57":{"start":{"line":351,"column":12},"end":{"line":351,"column":12034}},"58":{"start":{"line":355,"column":16},"end":{"line":355,"column":63}},"59":{"start":{"line":361,"column":8},"end":{"line":361,"column":28}},"60":{"start":{"line":365,"column":8},"end":{"line":365,"column":12579}},"61":{"start":{"line":366,"column":12},"end":{"line":366,"column":12613}},"62":{"start":{"line":370,"column":16},"end":{"line":370,"column":57}},"63":{"start":{"line":374,"column":12},"end":{"line":374,"column":12894}},"64":{"start":{"line":375,"column":16},"end":{"line":375,"column":57}},"65":{"start":{"line":378,"column":16},"end":{"line":378,"column":46}},"66":{"start":{"line":382,"column":8},"end":{"line":382,"column":22}},"67":{"start":{"line":394,"column":8},"end":{"line":394,"column":39}},"68":{"start":{"line":395,"column":8},"end":{"line":395,"column":62}},"69":{"start":{"line":404,"column":8},"end":{"line":404,"column":49}},"70":{"start":{"line":408,"column":8},"end":{"line":408,"column":48}},"71":{"start":{"line":409,"column":8},"end":{"line":409,"column":13986}},"72":{"start":{"line":410,"column":12},"end":{"line":410,"column":14057}},"73":{"start":{"line":411,"column":16},"end":{"line":411,"column":27}},"74":{"start":{"line":414,"column":8},"end":{"line":414,"column":20}},"75":{"start":{"line":418,"column":8},"end":{"line":418,"column":14265}},"76":{"start":{"line":419,"column":12},"end":{"line":419,"column":36}},"77":{"start":{"line":421,"column":8},"end":{"line":421,"column":16}},"78":{"start":{"line":425,"column":8},"end":{"line":425,"column":14447}},"79":{"start":{"line":426,"column":12},"end":{"line":426,"column":42}},"80":{"start":{"line":428,"column":8},"end":{"line":428,"column":25}},"81":{"start":{"line":432,"column":8},"end":{"line":432,"column":70}},"82":{"start":{"line":434,"column":8},"end":{"line":434,"column":14719}},"83":{"start":{"line":435,"column":12},"end":{"line":435,"column":63}},"84":{"start":{"line":436,"column":12},"end":{"line":436,"column":14849}},"85":{"start":{"line":437,"column":16},"end":{"line":437,"column":70}},"86":{"start":{"line":439,"column":12},"end":{"line":439,"column":58}},"87":{"start":{"line":440,"column":12},"end":{"line":440,"column":61}},"88":{"start":{"line":445,"column":8},"end":{"line":445,"column":15207}},"89":{"start":{"line":446,"column":12},"end":{"line":446,"column":24}},"90":{"start":{"line":449,"column":8},"end":{"line":449,"column":15360}},"91":{"start":{"line":450,"column":12},"end":{"line":450,"column":23}},"92":{"start":{"line":452,"column":12},"end":{"line":452,"column":24}},"93":{"start":{"line":457,"column":8},"end":{"line":457,"column":49}},"94":{"start":{"line":459,"column":8},"end":{"line":459,"column":59}},"95":{"start":{"line":461,"column":8},"end":{"line":461,"column":64}},"96":{"start":{"line":463,"column":8},"end":{"line":463,"column":15900}},"97":{"start":{"line":464,"column":12},"end":{"line":464,"column":35}},"98":{"start":{"line":467,"column":8},"end":{"line":467,"column":15988}},"99":{"start":{"line":468,"column":12},"end":{"line":468,"column":16022}},"100":{"start":{"line":470,"column":16},"end":{"line":470,"column":53}},"101":{"start":{"line":476,"column":8},"end":{"line":476,"column":49}},"102":{"start":{"line":478,"column":8},"end":{"line":478,"column":59}},"103":{"start":{"line":480,"column":8},"end":{"line":480,"column":64}},"104":{"start":{"line":482,"column":8},"end":{"line":482,"column":16512}},"105":{"start":{"line":483,"column":12},"end":{"line":483,"column":35}},"106":{"start":{"line":486,"column":8},"end":{"line":486,"column":75}},"107":{"start":{"line":489,"column":8},"end":{"line":489,"column":16771}},"108":{"start":{"line":493,"column":12},"end":{"line":493,"column":16962}},"109":{"start":{"line":497,"column":16},"end":{"line":497,"column":63}},"110":{"start":{"line":503,"column":8},"end":{"line":503,"column":58}},"111":{"start":{"line":506,"column":8},"end":{"line":506,"column":17457}},"112":{"start":{"line":507,"column":12},"end":{"line":507,"column":71}},"113":{"start":{"line":508,"column":12},"end":{"line":508,"column":17573}},"114":{"start":{"line":514,"column":8},"end":{"line":514,"column":17712}},"115":{"start":{"line":515,"column":12},"end":{"line":515,"column":54}},"116":{"start":{"line":519,"column":8},"end":{"line":519,"column":17861}},"117":{"start":{"line":520,"column":12},"end":{"line":520,"column":55}},"118":{"start":{"line":527,"column":8},"end":{"line":527,"column":80}},"119":{"start":{"line":531,"column":8},"end":{"line":531,"column":49}},"120":{"start":{"line":532,"column":8},"end":{"line":532,"column":56}},"121":{"start":{"line":534,"column":8},"end":{"line":534,"column":79}},"122":{"start":{"line":536,"column":8},"end":{"line":536,"column":18564}},"123":{"start":{"line":537,"column":12},"end":{"line":537,"column":36}},"124":{"start":{"line":538,"column":15},"end":{"line":538,"column":18664}},"125":{"start":{"line":539,"column":12},"end":{"line":539,"column":37}}},"branchMap":{"1":{"line":99,"type":"if","locations":[{"start":{"line":99,"column":8},"end":{"line":99,"column":8}},{"start":{"line":99,"column":8},"end":{"line":99,"column":8}}]},"2":{"line":100,"type":"if","locations":[{"start":{"line":100,"column":8},"end":{"line":100,"column":8}},{"start":{"line":100,"column":8},"end":{"line":100,"column":8}}]},"3":{"line":105,"type":"if","locations":[{"start":{"line":105,"column":65},"end":{"line":105,"column":65}},{"start":{"line":105,"column":65},"end":{"line":105,"column":65}}]},"4":{"line":107,"type":"if","locations":[{"start":{"line":107,"column":8},"end":{"line":107,"column":8}},{"start":{"line":107,"column":8},"end":{"line":107,"column":8}}]},"5":{"line":109,"type":"if","locations":[{"start":{"line":109,"column":8},"end":{"line":109,"column":8}},{"start":{"line":109,"column":8},"end":{"line":109,"column":8}}]},"6":{"line":111,"type":"if","locations":[{"start":{"line":111,"column":8},"end":{"line":111,"column":8}},{"start":{"line":111,"column":8},"end":{"line":111,"column":8}}]},"7":{"line":113,"type":"if","locations":[{"start":{"line":113,"column":8},"end":{"line":113,"column":8}},{"start":{"line":113,"column":8},"end":{"line":113,"column":8}}]},"8":{"line":115,"type":"if","locations":[{"start":{"line":115,"column":8},"end":{"line":115,"column":8}},{"start":{"line":115,"column":8},"end":{"line":115,"column":8}}]},"9":{"line":119,"type":"if","locations":[{"start":{"line":119,"column":8},"end":{"line":119,"column":8}},{"start":{"line":119,"column":8},"end":{"line":119,"column":8}}]},"10":{"line":120,"type":"if","locations":[{"start":{"line":120,"column":12},"end":{"line":120,"column":12}},{"start":{"line":120,"column":12},"end":{"line":120,"column":12}}]},"11":{"line":123,"type":"if","locations":[{"start":{"line":123,"column":8},"end":{"line":123,"column":8}},{"start":{"line":123,"column":8},"end":{"line":123,"column":8}}]},"12":{"line":128,"type":"if","locations":[{"start":{"line":128,"column":8},"end":{"line":128,"column":8}},{"start":{"line":128,"column":8},"end":{"line":128,"column":8}}]},"13":{"line":151,"type":"if","locations":[{"start":{"line":151,"column":8},"end":{"line":151,"column":8}},{"start":{"line":151,"column":8},"end":{"line":151,"column":8}}]},"14":{"line":152,"type":"if","locations":[{"start":{"line":152,"column":12},"end":{"line":152,"column":12}},{"start":{"line":152,"column":12},"end":{"line":152,"column":12}}]},"15":{"line":186,"type":"if","locations":[{"start":{"line":186,"column":77},"end":{"line":186,"column":77}},{"start":{"line":186,"column":77},"end":{"line":186,"column":77}}]},"16":{"line":190,"type":"if","locations":[{"start":{"line":190,"column":8},"end":{"line":190,"column":8}},{"start":{"line":190,"column":8},"end":{"line":190,"column":8}}]},"17":{"line":195,"type":"if","locations":[{"start":{"line":195,"column":8},"end":{"line":195,"column":8}},{"start":{"line":195,"column":8},"end":{"line":195,"column":8}}]},"18":{"line":198,"type":"if","locations":[{"start":{"line":198,"column":8},"end":{"line":198,"column":8}},{"start":{"line":198,"column":8},"end":{"line":198,"column":8}}]},"19":{"line":200,"type":"if","locations":[{"start":{"line":200,"column":12},"end":{"line":200,"column":12}},{"start":{"line":200,"column":12},"end":{"line":200,"column":12}}]},"20":{"line":203,"type":"if","locations":[{"start":{"line":203,"column":12},"end":{"line":203,"column":12}},{"start":{"line":203,"column":12},"end":{"line":203,"column":12}}]},"21":{"line":210,"type":"if","locations":[{"start":{"line":210,"column":8},"end":{"line":210,"column":8}},{"start":{"line":210,"column":8},"end":{"line":210,"column":8}}]},"22":{"line":243,"type":"if","locations":[{"start":{"line":243,"column":54},"end":{"line":243,"column":54}},{"start":{"line":243,"column":54},"end":{"line":243,"column":54}}]},"23":{"line":246,"type":"if","locations":[{"start":{"line":246,"column":8},"end":{"line":246,"column":8}},{"start":{"line":246,"column":8},"end":{"line":246,"column":8}}]},"24":{"line":257,"type":"if","locations":[{"start":{"line":257,"column":8},"end":{"line":257,"column":8}},{"start":{"line":257,"column":8},"end":{"line":257,"column":8}}]},"25":{"line":258,"type":"if","locations":[{"start":{"line":258,"column":12},"end":{"line":258,"column":12}},{"start":{"line":258,"column":12},"end":{"line":258,"column":12}}]},"26":{"line":259,"type":"if","locations":[{"start":{"line":259,"column":16},"end":{"line":259,"column":16}},{"start":{"line":259,"column":16},"end":{"line":259,"column":16}}]},"27":{"line":264,"type":"if","locations":[{"start":{"line":264,"column":12},"end":{"line":264,"column":12}},{"start":{"line":264,"column":12},"end":{"line":264,"column":12}}]},"28":{"line":265,"type":"if","locations":[{"start":{"line":265,"column":16},"end":{"line":265,"column":16}},{"start":{"line":265,"column":16},"end":{"line":265,"column":16}}]},"29":{"line":271,"type":"if","locations":[{"start":{"line":271,"column":12},"end":{"line":271,"column":12}},{"start":{"line":271,"column":12},"end":{"line":271,"column":12}}]},"30":{"line":293,"type":"if","locations":[{"start":{"line":293,"column":70},"end":{"line":293,"column":70}},{"start":{"line":293,"column":70},"end":{"line":293,"column":70}}]},"31":{"line":299,"type":"if","locations":[{"start":{"line":299,"column":8},"end":{"line":299,"column":8}},{"start":{"line":299,"column":8},"end":{"line":299,"column":8}}]},"32":{"line":321,"type":"if","locations":[{"start":{"line":321,"column":8},"end":{"line":321,"column":8}},{"start":{"line":321,"column":8},"end":{"line":321,"column":8}}]},"33":{"line":323,"type":"if","locations":[{"start":{"line":323,"column":12},"end":{"line":323,"column":12}},{"start":{"line":323,"column":12},"end":{"line":323,"column":12}}]},"34":{"line":332,"type":"if","locations":[{"start":{"line":332,"column":8},"end":{"line":332,"column":8}},{"start":{"line":332,"column":8},"end":{"line":332,"column":8}}]},"35":{"line":339,"type":"if","locations":[{"start":{"line":339,"column":8},"end":{"line":339,"column":8}},{"start":{"line":339,"column":8},"end":{"line":339,"column":8}}]},"36":{"line":339,"type":"cond-expr","locations":[{"start":{"line":339,"column":12},"end":{"line":339,"column":32}},{"start":{"line":339,"column":37},"end":{"line":339,"column":60}}]},"37":{"line":339,"type":"cond-expr","locations":[{"start":{"line":339,"column":12},"end":{"line":339,"column":60}},{"start":{"line":339,"column":65},"end":{"line":339,"column":79}}]},"38":{"line":347,"type":"if","locations":[{"start":{"line":347,"column":8},"end":{"line":347,"column":8}},{"start":{"line":347,"column":8},"end":{"line":347,"column":8}}]},"39":{"line":347,"type":"cond-expr","locations":[{"start":{"line":347,"column":12},"end":{"line":347,"column":40}},{"start":{"line":348,"column":12},"end":{"line":348,"column":84}}]},"40":{"line":351,"type":"if","locations":[{"start":{"line":351,"column":12},"end":{"line":351,"column":12}},{"start":{"line":351,"column":12},"end":{"line":351,"column":12}}]},"41":{"line":365,"type":"if","locations":[{"start":{"line":365,"column":8},"end":{"line":365,"column":8}},{"start":{"line":365,"column":8},"end":{"line":365,"column":8}}]},"42":{"line":366,"type":"if","locations":[{"start":{"line":366,"column":12},"end":{"line":366,"column":12}},{"start":{"line":366,"column":12},"end":{"line":366,"column":12}}]},"43":{"line":374,"type":"if","locations":[{"start":{"line":374,"column":12},"end":{"line":374,"column":12}},{"start":{"line":374,"column":12},"end":{"line":374,"column":12}}]},"44":{"line":404,"type":"if","locations":[{"start":{"line":404,"column":8},"end":{"line":404,"column":8}},{"start":{"line":404,"column":8},"end":{"line":404,"column":8}}]},"45":{"line":410,"type":"if","locations":[{"start":{"line":410,"column":12},"end":{"line":410,"column":12}},{"start":{"line":410,"column":12},"end":{"line":410,"column":12}}]},"46":{"line":418,"type":"if","locations":[{"start":{"line":418,"column":8},"end":{"line":418,"column":8}},{"start":{"line":418,"column":8},"end":{"line":418,"column":8}}]},"47":{"line":425,"type":"if","locations":[{"start":{"line":425,"column":8},"end":{"line":425,"column":8}},{"start":{"line":425,"column":8},"end":{"line":425,"column":8}}]},"48":{"line":432,"type":"if","locations":[{"start":{"line":432,"column":8},"end":{"line":432,"column":8}},{"start":{"line":432,"column":8},"end":{"line":432,"column":8}}]},"49":{"line":435,"type":"if","locations":[{"start":{"line":435,"column":12},"end":{"line":435,"column":12}},{"start":{"line":435,"column":12},"end":{"line":435,"column":12}}]},"50":{"line":437,"type":"if","locations":[{"start":{"line":437,"column":16},"end":{"line":437,"column":16}},{"start":{"line":437,"column":16},"end":{"line":437,"column":16}}]},"51":{"line":439,"type":"if","locations":[{"start":{"line":439,"column":12},"end":{"line":439,"column":12}},{"start":{"line":439,"column":12},"end":{"line":439,"column":12}}]},"52":{"line":440,"type":"if","locations":[{"start":{"line":440,"column":12},"end":{"line":440,"column":12}},{"start":{"line":440,"column":12},"end":{"line":440,"column":12}}]},"53":{"line":445,"type":"if","locations":[{"start":{"line":445,"column":8},"end":{"line":445,"column":8}},{"start":{"line":445,"column":8},"end":{"line":445,"column":8}}]},"54":{"line":459,"type":"if","locations":[{"start":{"line":459,"column":8},"end":{"line":459,"column":8}},{"start":{"line":459,"column":8},"end":{"line":459,"column":8}}]},"55":{"line":463,"type":"if","locations":[{"start":{"line":463,"column":8},"end":{"line":463,"column":8}},{"start":{"line":463,"column":8},"end":{"line":463,"column":8}}]},"56":{"line":467,"type":"if","locations":[{"start":{"line":467,"column":8},"end":{"line":467,"column":8}},{"start":{"line":467,"column":8},"end":{"line":467,"column":8}}]},"57":{"line":468,"type":"if","locations":[{"start":{"line":468,"column":12},"end":{"line":468,"column":12}},{"start":{"line":468,"column":12},"end":{"line":468,"column":12}}]},"58":{"line":478,"type":"if","locations":[{"start":{"line":478,"column":8},"end":{"line":478,"column":8}},{"start":{"line":478,"column":8},"end":{"line":478,"column":8}}]},"59":{"line":482,"type":"if","locations":[{"start":{"line":482,"column":8},"end":{"line":482,"column":8}},{"start":{"line":482,"column":8},"end":{"line":482,"column":8}}]},"60":{"line":489,"type":"if","locations":[{"start":{"line":489,"column":8},"end":{"line":489,"column":8}},{"start":{"line":489,"column":8},"end":{"line":489,"column":8}}]},"61":{"line":489,"type":"cond-expr","locations":[{"start":{"line":489,"column":12},"end":{"line":489,"column":40}},{"start":{"line":490,"column":12},"end":{"line":490,"column":84}}]},"62":{"line":493,"type":"if","locations":[{"start":{"line":493,"column":12},"end":{"line":493,"column":12}},{"start":{"line":493,"column":12},"end":{"line":493,"column":12}}]},"63":{"line":506,"type":"if","locations":[{"start":{"line":506,"column":8},"end":{"line":506,"column":8}},{"start":{"line":506,"column":8},"end":{"line":506,"column":8}}]},"64":{"line":508,"type":"if","locations":[{"start":{"line":508,"column":12},"end":{"line":508,"column":12}},{"start":{"line":508,"column":12},"end":{"line":508,"column":12}}]},"65":{"line":514,"type":"if","locations":[{"start":{"line":514,"column":8},"end":{"line":514,"column":8}},{"start":{"line":514,"column":8},"end":{"line":514,"column":8}}]},"66":{"line":519,"type":"if","locations":[{"start":{"line":519,"column":8},"end":{"line":519,"column":8}},{"start":{"line":519,"column":8},"end":{"line":519,"column":8}}]},"67":{"line":532,"type":"if","locations":[{"start":{"line":532,"column":8},"end":{"line":532,"column":8}},{"start":{"line":532,"column":8},"end":{"line":532,"column":8}}]},"68":{"line":534,"type":"if","locations":[{"start":{"line":534,"column":8},"end":{"line":534,"column":8}},{"start":{"line":534,"column":8},"end":{"line":534,"column":8}}]},"69":{"line":536,"type":"if","locations":[{"start":{"line":536,"column":8},"end":{"line":536,"column":8}},{"start":{"line":536,"column":8},"end":{"line":536,"column":8}}]},"70":{"line":538,"type":"if","locations":[{"start":{"line":538,"column":15},"end":{"line":538,"column":15}},{"start":{"line":538,"column":15},"end":{"line":538,"column":15}}]}}},
"src/RelayNode.sol":{"l":{"15":4,"16":4,"19":4,"20":4,"24":2,"28":2,"29":2,"30":1,"36":1,"37":1,"38":1,"55":0,"56":0,"58":0,"62":0,"63":0,"64":0,"65":0},"path":"/home/blanta/Desktop/development/blockchain/LP/Hamza/hamza-escrow/src/RelayNode.sol","s":{"1":4,"2":4,"3":2,"4":2,"5":2,"6":1,"7":1,"8":1,"9":1,"10":0,"11":0,"12":0,"13":0,"14":0,"15":0,"16":0,"17":0,"18":0},"b":{"1":[3,1],"2":[2,0],"3":[2,0],"4":[1,1],"5":[0,0],"6":[0,0],"7":[0,0],"8":[0,0],"9":[0,0],"10":[0,0]},"f":{"1":4,"2":2,"3":0},"fnMap":{"1":{"name":"constructor","line":13,"loc":{"start":{"line":12,"column":4},"end":{"line":21,"column":4}}},"2":{"name":"relay","line":23,"loc":{"start":{"line":23,"column":4},"end":{"line":51,"column":4}}},"3":{"name":"refundAll","line":54,"loc":{"start":{"line":54,"column":4},"end":{"line":67,"column":4}}}},"statementMap":{"1":{"start":{"line":19,"column":8},"end":{"line":19,"column":65}},"2":{"start":{"line":20,"column":8},"end":{"line":20,"column":54}},"3":{"start":{"line":24,"column":8},"end":{"line":24,"column":65}},"4":{"start":{"line":28,"column":8},"end":{"line":28,"column":909}},"5":{"start":{"line":29,"column":12},"end":{"line":29,"column":970}},"6":{"start":{"line":30,"column":16},"end":{"line":30,"column":1029}},"7":{"start":{"line":36,"column":16},"end":{"line":36,"column":54}},"8":{"start":{"line":37,"column":16},"end":{"line":37,"column":85}},"9":{"start":{"line":38,"column":16},"end":{"line":38,"column":1456}},"10":{"start":{"line":44,"column":15},"end":{"line":44,"column":1689}},"11":{"start":{"line":46,"column":15},"end":{"line":46,"column":1793}},"12":{"start":{"line":55,"column":8},"end":{"line":55,"column":65}},"13":{"start":{"line":56,"column":8},"end":{"line":56,"column":36}},"14":{"start":{"line":58,"column":8},"end":{"line":58,"column":2161}},"15":{"start":{"line":62,"column":12},"end":{"line":62,"column":43}},"16":{"start":{"line":63,"column":12},"end":{"line":63,"column":60}},"17":{"start":{"line":64,"column":12},"end":{"line":64,"column":44}},"18":{"start":{"line":65,"column":12},"end":{"line":65,"column":66}}},"branchMap":{"1":{"line":20,"type":"if","locations":[{"start":{"line":20,"column":8},"end":{"line":20,"column":8}},{"start":{"line":20,"column":8},"end":{"line":20,"column":8}}]},"2":{"line":23,"type":"if","locations":[{"start":{"line":23,"column":28},"end":{"line":23,"column":28}},{"start":{"line":23,"column":28},"end":{"line":23,"column":28}}]},"3":{"line":28,"type":"if","locations":[{"start":{"line":28,"column":8},"end":{"line":28,"column":8}},{"start":{"line":28,"column":8},"end":{"line":28,"column":8}}]},"4":{"line":29,"type":"if","locations":[{"start":{"line":29,"column":12},"end":{"line":29,"column":12}},{"start":{"line":29,"column":12},"end":{"line":29,"column":12}}]},"5":{"line":44,"type":"if","locations":[{"start":{"line":44,"column":15},"end":{"line":44,"column":15}},{"start":{"line":44,"column":15},"end":{"line":44,"column":15}}]},"6":{"line":46,"type":"if","locations":[{"start":{"line":46,"column":15},"end":{"line":46,"column":15}},{"start":{"line":46,"column":15},"end":{"line":46,"column":15}}]},"7":{"line":54,"type":"if","locations":[{"start":{"line":54,"column":48},"end":{"line":54,"column":48}},{"start":{"line":54,"column":48},"end":{"line":54,"column":48}}]},"8":{"line":58,"type":"if","locations":[{"start":{"line":58,"column":8},"end":{"line":58,"column":8}},{"start":{"line":58,"column":8},"end":{"line":58,"column":8}}]},"9":{"line":64,"type":"if","locations":[{"start":{"line":64,"column":12},"end":{"line":64,"column":12}},{"start":{"line":64,"column":12},"end":{"line":64,"column":12}}]},"10":{"line":65,"type":"if","locations":[{"start":{"line":65,"column":12},"end":{"line":65,"column":12}},{"start":{"line":65,"column":12},"end":{"line":65,"column":12}}]}}},
"src/Roles.sol":{"l":{},"path":"/home/blanta/Desktop/development/blockchain/LP/Hamza/hamza-escrow/src/Roles.sol","s":{},"b":{},"f":{},"fnMap":{},"statementMap":{},"branchMap":{}},
"src/SecurityContext.sol":{"l":{"21":68},"path":"/home/blanta/Desktop/development/blockchain/LP/Hamza/hamza-escrow/src/SecurityContext.sol","s":{"1":68},"b":{},"f":{"1":67,"2":68},"fnMap":{"1":{"name":"constructor","line":17,"loc":{"start":{"line":17,"column":4},"end":{"line":18,"column":4}}},"2":{"name":"hasRole","line":20,"loc":{"start":{"line":20,"column":4},"end":{"line":22,"column":4}}}},"statementMap":{"1":{"start":{"line":21,"column":8},"end":{"line":21,"column":19}}},"branchMap":{}},
"src/SystemSettings.sol":{"l":{"25":0,"32":3,"50":67,"51":67,"52":0,"54":67,"55":67,"71":0,"72":0,"73":0,"75":0,"76":0,"92":0,"93":0,"94":0},"path":"/home/blanta/Desktop/development/blockchain/LP/Hamza/hamza-escrow/src/SystemSettings.sol","s":{"1":0,"2":3,"3":67,"4":67,"5":0,"6":0,"7":0,"8":0,"9":0,"10":0,"11":0},"b":{"1":[0,67],"2":[0,0],"3":[0,0],"4":[0,0],"5":[0,0],"6":[0,0]},"f":{"1":0,"2":3,"3":67,"4":0,"5":0},"fnMap":{"1":{"name":"vaultAddress","line":24,"loc":{"start":{"line":24,"column":4},"end":{"line":26,"column":4}}},"2":{"name":"feeBps","line":31,"loc":{"start":{"line":31,"column":4},"end":{"line":33,"column":4}}},"3":{"name":"constructor","line":49,"loc":{"start":{"line":49,"column":4},"end":{"line":56,"column":4}}},"4":{"name":"setVaultAddress","line":70,"loc":{"start":{"line":70,"column":4},"end":{"line":78,"column":4}}},"5":{"name":"setFeeBps","line":91,"loc":{"start":{"line":91,"column":4},"end":{"line":96,"column":4}}}},"statementMap":{"1":{"start":{"line":25,"column":8},"end":{"line":25,"column":28}},"2":{"start":{"line":32,"column":8},"end":{"line":32,"column":22}},"3":{"start":{"line":50,"column":8},"end":{"line":50,"column":43}},"4":{"start":{"line":51,"column":8},"end":{"line":51,"column":1610}},"5":{"start":{"line":52,"column":12},"end":{"line":52,"column":40}},"6":{"start":{"line":71,"column":8},"end":{"line":71,"column":2205}},"7":{"start":{"line":72,"column":12},"end":{"line":72,"column":2259}},"8":{"start":{"line":73,"column":16},"end":{"line":73,"column":37}},"9":{"start":{"line":76,"column":12},"end":{"line":76,"column":63}},"10":{"start":{"line":92,"column":8},"end":{"line":92,"column":2824}},"11":{"start":{"line":94,"column":12},"end":{"line":94,"column":51}}},"branchMap":{"1":{"line":51,"type":"if","locations":[{"start":{"line":51,"column":8},"end":{"line":51,"column":8}},{"start":{"line":51,"column":8},"end":{"line":51,"column":8}}]},"2":{"line":70,"type":"if","locations":[{"start":{"line":70,"column":59},"end":{"line":70,"column":59}},{"start":{"line":70,"column":59},"end":{"line":70,"column":59}}]},"3":{"line":71,"type":"if","locations":[{"start":{"line":71,"column":8},"end":{"line":71,"column":8}},{"start":{"line":71,"column":8},"end":{"line":71,"column":8}}]},"4":{"line":72,"type":"if","locations":[{"start":{"line":72,"column":12},"end":{"line":72,"column":12}},{"start":{"line":72,"column":12},"end":{"line":72,"column":12}}]},"5":{"line":91,"type":"if","locations":[{"start":{"line":91,"column":47},"end":{"line":91,"column":47}},{"start":{"line":91,"column":47},"end":{"line":91,"column":47}}]},"6":{"line":92,"type":"if","locations":[{"start":{"line":92,"column":8},"end":{"line":92,"column":8}},{"start":{"line":92,"column":8},"end":{"line":92,"column":8}}]}}},
"src/test-contracts/FailingToken.sol":{"l":{"18":0,"25":0,"29":0,"33":0,"37":0,"39":0,"42":0,"43":0,"44":0,"45":0,"47":0,"48":0,"49":0,"53":0,"57":0,"58":0,"59":0,"67":0,"69":0,"72":0,"73":0,"75":0,"76":0,"78":0,"79":0,"80":0,"83":0,"84":0,"85":0},"path":"/home/blanta/Desktop/development/blockchain/LP/Hamza/hamza-escrow/src/test-contracts/FailingToken.sol","s":{"1":0,"2":0,"3":0,"4":0,"5":0,"6":0,"7":0,"8":0,"9":0,"10":0,"11":0,"12":0,"13":0,"14":0,"15":0,"16":0,"17":0,"18":0,"19":0},"b":{"1":[0,0],"2":[0,0],"3":[0,0],"4":[0,0],"5":[0,0]},"f":{"1":0,"2":0,"3":0,"4":0,"5":0,"6":0,"7":0,"8":0,"9":0},"fnMap":{"1":{"name":"constructor","line":17,"loc":{"start":{"line":17,"column":4},"end":{"line":19,"column":4}}},"2":{"name":"test","line":22,"loc":{"start":{"line":22,"column":4},"end":{"line":22,"column":28}}},"3":{"name":"setFailTransfers","line":24,"loc":{"start":{"line":24,"column":4},"end":{"line":26,"column":4}}},"4":{"name":"totalSupply","line":28,"loc":{"start":{"line":28,"column":4},"end":{"line":30,"column":4}}},"5":{"name":"balanceOf","line":32,"loc":{"start":{"line":32,"column":4},"end":{"line":34,"column":4}}},"6":{"name":"transfer","line":36,"loc":{"start":{"line":36,"column":4},"end":{"line":50,"column":4}}},"7":{"name":"allowance","line":52,"loc":{"start":{"line":52,"column":4},"end":{"line":54,"column":4}}},"8":{"name":"approve","line":56,"loc":{"start":{"line":56,"column":4},"end":{"line":60,"column":4}}},"9":{"name":"transferFrom","line":62,"loc":{"start":{"line":62,"column":4},"end":{"line":86,"column":4}}}},"statementMap":{"1":{"start":{"line":29,"column":8},"end":{"line":29,"column":27}},"2":{"start":{"line":33,"column":8},"end":{"line":33,"column":32}},"3":{"start":{"line":37,"column":8},"end":{"line":37,"column":1228}},"4":{"start":{"line":39,"column":12},"end":{"line":39,"column":24}},"5":{"start":{"line":42,"column":8},"end":{"line":42,"column":52}},"6":{"start":{"line":43,"column":8},"end":{"line":43,"column":63}},"7":{"start":{"line":48,"column":8},"end":{"line":48,"column":52}},"8":{"start":{"line":49,"column":8},"end":{"line":49,"column":19}},"9":{"start":{"line":53,"column":8},"end":{"line":53,"column":41}},"10":{"start":{"line":58,"column":8},"end":{"line":58,"column":50}},"11":{"start":{"line":59,"column":8},"end":{"line":59,"column":19}},"12":{"start":{"line":67,"column":8},"end":{"line":67,"column":2198}},"13":{"start":{"line":69,"column":12},"end":{"line":69,"column":24}},"14":{"start":{"line":72,"column":8},"end":{"line":72,"column":56}},"15":{"start":{"line":73,"column":8},"end":{"line":73,"column":70}},"16":{"start":{"line":75,"column":8},"end":{"line":75,"column":48}},"17":{"start":{"line":76,"column":8},"end":{"line":76,"column":63}},"18":{"start":{"line":84,"column":8},"end":{"line":84,"column":48}},"19":{"start":{"line":85,"column":8},"end":{"line":85,"column":19}}},"branchMap":{"1":{"line":37,"type":"if","locations":[{"start":{"line":37,"column":8},"end":{"line":37,"column":8}},{"start":{"line":37,"column":8},"end":{"line":37,"column":8}}]},"2":{"line":43,"type":"if","locations":[{"start":{"line":43,"column":8},"end":{"line":43,"column":8}},{"start":{"line":43,"column":8},"end":{"line":43,"column":8}}]},"3":{"line":67,"type":"if","locations":[{"start":{"line":67,"column":8},"end":{"line":67,"column":8}},{"start":{"line":67,"column":8},"end":{"line":67,"column":8}}]},"4":{"line":73,"type":"if","locations":[{"start":{"line":73,"column":8},"end":{"line":73,"column":8}},{"start":{"line":73,"column":8},"end":{"line":73,"column":8}}]},"5":{"line":76,"type":"if","locations":[{"start":{"line":76,"column":8},"end":{"line":76,"column":8}},{"start":{"line":76,"column":8},"end":{"line":76,"column":8}}]}}},
"src/test-contracts/TestToken.sol":{"l":{"10":201},"path":"/home/blanta/Desktop/development/blockchain/LP/Hamza/hamza-escrow/src/test-contracts/TestToken.sol","s":{"1":201},"b":{},"f":{"1":67,"2":201,"3":0},"fnMap":{"1":{"name":"constructor","line":7,"loc":{"start":{"line":7,"column":4},"end":{"line":7,"column":83}}},"2":{"name":"mint","line":9,"loc":{"start":{"line":9,"column":4},"end":{"line":11,"column":4}}},"3":{"name":"test","line":14,"loc":{"start":{"line":14,"column":4},"end":{"line":14,"column":28}}}},"statementMap":{"1":{"start":{"line":10,"column":8},"end":{"line":10,"column":30}}},"branchMap":{}},
"src/Types.sol":{"l":{},"path":"/home/blanta/Desktop/development/blockchain/LP/Hamza/hamza-escrow/src/Types.sol","s":{},"b":{},"f":{},"fnMap":{},"statementMap":{},"branchMap":{}}}
