TN:
SF:/home/blanta/Desktop/development/blockchain/LP/Hamza/hamza-escrow/src/ArbitrationModule.sol
FN:45,constructor
FN:48,getProposal
FN:52,proposeArbitration
FN:97,voteArbitration
FN:151,cancelArbitration
FN:168,executeArbitration
FN:193,isArbitrationModule
FN:201,_canProposeArbitration
FN:206,_canVoteArbitration
FN:215,_executeArbitration
FN:222,_generateUniqueProposalId
FN:226,_escrowStateIsValid
FNF:12
FNH:9
FNDA:68,constructor
FNDA:21,getProposal
FNDA:17,proposeArbitration
FNDA:10,voteArbitration
FNDA:0,cancelArbitration
FNDA:0,executeArbitration
FNDA:68,isArbitrationModule
FNDA:16,_canProposeArbitration
FNDA:9,_canVoteArbitration
FNDA:0,_executeArbitration
FNDA:12,_generateUniqueProposalId
FNDA:13,_escrowStateIsValid
DA:49,21
DA:62,17
DA:64,16
DA:66,13
DA:69,13
DA:74,12
DA:75,12
DA:76,12
DA:77,12
DA:78,12
DA:79,12
DA:80,12
DA:81,12
DA:86,12
DA:87,12
DA:90,12
DA:91,12
DA:94,12
DA:102,10
DA:103,10
DA:106,9
DA:109,9
DA:114,9
DA:117,6
DA:120,6
DA:121,3
DA:123,3
DA:125,6
DA:128,6
DA:129,6
DA:130,6
DA:131,6
DA:132,2
DA:135,2
DA:136,0
DA:139,2
DA:143,2
DA:144,2
DA:148,6
DA:158,0
DA:159,0
DA:162,0
DA:164,0
DA:165,0
DA:171,0
DA:172,0
DA:175,0
DA:180,0
DA:183,0
DA:188,0
DA:194,68
DA:202,16
DA:203,16
DA:207,9
DA:208,9
DA:209,17
DA:210,6
DA:212,3
DA:216,0
DA:217,0
DA:218,0
DA:219,0
DA:223,12
DA:227,13
DA:228,13
LF:65
LH:49
BRDA:62,1,0,16
BRDA:62,1,1,1
BRDA:64,2,0,13
BRDA:64,2,1,3
BRDA:66,3,0,13
BRDA:66,3,1,0
BRDA:69,4,0,12
BRDA:69,4,1,1
BRDA:103,5,0,9
BRDA:103,5,1,1
BRDA:109,6,0,9
BRDA:109,6,1,0
BRDA:114,7,0,6
BRDA:114,7,1,3
BRDA:117,8,0,6
BRDA:117,8,1,0
BRDA:120,9,0,3
BRDA:120,9,1,3
BRDA:131,10,0,2
BRDA:131,10,1,4
BRDA:135,11,0,0
BRDA:135,11,1,2
BRDA:142,12,0,2
BRDA:142,12,1,2
BRDA:159,13,0,0
BRDA:159,13,1,0
BRDA:162,14,0,0
BRDA:162,14,1,0
BRDA:172,15,0,0
BRDA:172,15,1,0
BRDA:175,16,0,0
BRDA:175,16,1,0
BRDA:183,17,0,0
BRDA:183,17,1,0
BRDA:203,18,0,12
BRDA:203,18,1,1
BRDA:209,19,0,6
BRDA:209,19,1,11
BRF:38
BRH:24
end_of_record
TN:
SF:/home/blanta/Desktop/development/blockchain/LP/Hamza/hamza-escrow/src/CarefulMath.sol
FN:35,mulDiv
FN:116,div
FN:121,test
FNF:3
FNH:0
FNDA:0,mulDiv
FNDA:0,div
FNDA:0,test
DA:40,0
DA:41,0
DA:42,0
DA:49,0
DA:50,0
DA:51,0
DA:56,0
DA:57,0
DA:65,0
DA:66,0
DA:77,0
DA:79,0
DA:80,0
DA:92,0
DA:97,0
DA:101,0
DA:102,0
DA:103,0
DA:104,0
DA:105,0
DA:106,0
DA:112,0
DA:117,0
LF:23
LH:0
BRDA:49,1,0,0
BRDA:49,1,1,0
BRDA:56,2,0,0
BRDA:56,2,1,0
BRF:4
BRH:0
end_of_record
TN:
SF:/home/blanta/Desktop/development/blockchain/LP/Hamza/hamza-escrow/src/HasSecurityContext.sol
FN:20,onlyRole
FN:27,getSecurityContext
FN:31,setSecurityContext
FN:35,_setSecurityContext
FNF:4
FNH:1
FNDA:0,onlyRole
FNDA:0,getSecurityContext
FNDA:0,setSecurityContext
FNDA:207,_setSecurityContext
DA:21,0
DA:22,0
DA:24,0
DA:28,0
DA:32,0
DA:36,207
DA:38,207
DA:39,139
DA:41,68
DA:42,0
DA:46,207
DA:47,139
DA:48,139
LF:13
LH:7
BRDA:21,1,0,0
BRDA:21,1,1,0
BRDA:31,2,0,0
BRDA:31,2,1,0
BRDA:36,3,0,0
BRDA:36,3,1,207
BRDA:38,4,0,139
BRDA:38,4,1,68
BRDA:41,5,0,0
BRDA:41,5,1,68
BRDA:46,6,0,139
BRDA:46,6,1,68
BRF:12
BRH:6
end_of_record
TN:
SF:/home/blanta/Desktop/development/blockchain/LP/Hamza/hamza-escrow/src/interfaces/IArbitrationModule.sol
FNF:0
FNH:0
LF:0
LH:0
BRF:0
BRH:0
end_of_record
TN:
SF:/home/blanta/Desktop/development/blockchain/LP/Hamza/hamza-escrow/src/interfaces/IPolyEscrow.sol
FNF:0
FNH:0
LF:0
LH:0
BRF:0
BRH:0
end_of_record
TN:
SF:/home/blanta/Desktop/development/blockchain/LP/Hamza/hamza-escrow/src/interfaces/ISecurityContext.sol
FNF:0
FNH:0
LF:0
LH:0
BRF:0
BRH:0
end_of_record
TN:
SF:/home/blanta/Desktop/development/blockchain/LP/Hamza/hamza-escrow/src/interfaces/ISystemSettings.sol
FNF:0
FNH:0
LF:0
LH:0
BRF:0
BRH:0
end_of_record
TN:
SF:/home/blanta/Desktop/development/blockchain/LP/Hamza/hamza-escrow/src/Pausable.sol
FN:17,whenNotPaused
FN:22,whenPaused
FN:29,constructor
FN:36,pause
FN:43,unpause
FNF:5
FNH:2
FNDA:142,whenNotPaused
FNDA:0,whenPaused
FNDA:72,constructor
FNDA:0,pause
FNDA:0,unpause
DA:18,142
DA:19,142
DA:23,0
DA:24,0
DA:30,72
DA:37,0
DA:44,0
LF:7
LH:3
BRDA:18,1,0,142
BRDA:18,1,1,0
BRDA:23,2,0,0
BRDA:23,2,1,0
BRDA:36,3,0,0
BRDA:36,3,1,0
BRDA:36,4,0,0
BRDA:36,4,1,0
BRDA:43,5,0,0
BRDA:43,5,1,0
BRDA:43,6,0,0
BRDA:43,6,1,0
BRF:12
BRH:1
end_of_record
TN:
SF:/home/blanta/Desktop/development/blockchain/LP/Hamza/hamza-escrow/src/PolyEscrow.sol
FN:93,constructor
FN:105,createEscrow
FN:169,getEscrow
FN:186,placePayment
FN:243,releaseEscrow
FN:293,refundPayment
FN:310,getSecurityContext
FN:318,_calculateFeeAndAmount
FN:331,_handleFeeTransfer
FN:337,_releaseEscrowPayment
FN:360,_transferAmount
FN:393,_handleTokenInflow
FN:403,_validatePaymentInput
FN:407,_isArbiter
FN:417,_getFeeBps
FN:424,_getVaultAddress
FN:431,_validateArbiters
FN:444,_isErc20
FN:456,_refund
FN:475,_release
FN:502,_executeArbitration
FN:526,_getEscrowAmountRemaining
FN:530,executeArbitrationProposal
FNF:23
FNH:17
FNDA:68,constructor
FNDA:68,createEscrow
FNDA:184,getEscrow
FNDA:49,placePayment
FNDA:12,releaseEscrow
FNDA:11,refundPayment
FNDA:0,getSecurityContext
FNDA:3,_calculateFeeAndAmount
FNDA:3,_handleFeeTransfer
FNDA:0,_releaseEscrowPayment
FNDA:12,_transferAmount
FNDA:31,_handleTokenInflow
FNDA:49,_validatePaymentInput
FNDA:0,_isArbiter
FNDA:3,_getFeeBps
FNDA:0,_getVaultAddress
FNDA:64,_validateArbiters
FNDA:39,_isErc20
FNDA:9,_refund
FNDA:5,_release
FNDA:0,_executeArbitration
FNDA:17,_getEscrowAmountRemaining
FNDA:0,executeArbitrationProposal
DA:95,68
DA:96,68
DA:97,68
DA:99,68
DA:100,67
DA:107,68
DA:109,68
DA:111,67
DA:113,66
DA:115,65
DA:117,64
DA:119,61
DA:120,39
DA:123,61
DA:128,60
DA:131,59
DA:132,59
DA:133,59
DA:134,59
DA:135,59
DA:136,59
DA:137,59
DA:138,59
DA:139,59
DA:140,59
DA:141,59
DA:142,59
DA:143,59
DA:144,59
DA:145,59
DA:146,59
DA:147,59
DA:148,59
DA:149,59
DA:151,59
DA:152,1
DA:153,1
DA:156,58
DA:158,59
DA:161,59
DA:170,184
DA:187,49
DA:190,49
DA:195,48
DA:198,47
DA:200,16
DA:203,31
DA:207,44
DA:209,44
DA:210,44
DA:211,38
DA:214,38
DA:221,44
DA:244,12
DA:246,12
DA:249,2
DA:257,10
DA:258,10
DA:259,5
DA:260,4
DA:261,4
DA:264,10
DA:265,5
DA:266,4
DA:267,4
DA:271,10
DA:272,5
DA:294,11
DA:299,11
DA:301,9
DA:311,0
DA:319,3
DA:320,3
DA:321,3
DA:322,0
DA:323,0
DA:324,0
DA:327,3
DA:332,3
DA:333,0
DA:338,0
DA:339,0
DA:340,0
DA:343,0
DA:344,0
DA:347,0
DA:351,0
DA:352,0
DA:353,0
DA:354,0
DA:355,0
DA:361,12
DA:365,12
DA:366,12
DA:367,6
DA:370,6
DA:371,6
DA:374,12
DA:375,12
DA:378,0
DA:382,12
DA:394,31
DA:395,31
DA:404,49
DA:408,0
DA:409,0
DA:410,0
DA:411,0
DA:414,0
DA:418,3
DA:419,3
DA:421,0
DA:425,0
DA:426,0
DA:428,0
DA:432,64
DA:434,64
DA:435,56
DA:436,55
DA:437,47
DA:439,55
DA:440,54
DA:445,39
DA:446,0
DA:449,39
DA:450,39
DA:452,0
DA:457,9
DA:459,9
DA:461,9
DA:463,9
DA:464,0
DA:467,9
DA:468,9
DA:469,9
DA:470,9
DA:476,5
DA:478,5
DA:480,3
DA:482,3
DA:483,0
DA:486,3
DA:489,3
DA:493,3
DA:494,3
DA:495,3
DA:496,3
DA:497,3
DA:503,0
DA:506,0
DA:507,0
DA:508,0
DA:509,0
DA:514,0
DA:515,0
DA:519,0
DA:520,0
DA:523,0
DA:527,17
DA:531,0
DA:532,0
DA:534,0
DA:536,0
DA:537,0
DA:539,0
LF:165
LH:119
BRDA:99,1,0,67
BRDA:99,1,1,1
BRDA:100,2,0,67
BRDA:100,2,1,0
BRDA:105,3,0,68
BRDA:105,3,1,0
BRDA:107,4,0,68
BRDA:107,4,1,0
BRDA:109,5,0,67
BRDA:109,5,1,1
BRDA:111,6,0,66
BRDA:111,6,1,1
BRDA:113,7,0,65
BRDA:113,7,1,1
BRDA:115,8,0,64
BRDA:115,8,1,1
BRDA:119,9,0,39
BRDA:119,9,1,22
BRDA:120,10,0,39
BRDA:120,10,1,0
BRDA:123,11,0,60
BRDA:123,11,1,1
BRDA:128,12,0,59
BRDA:128,12,1,1
BRDA:151,13,0,1
BRDA:151,13,1,58
BRDA:152,14,0,1
BRDA:152,14,1,0
BRDA:186,15,0,49
BRDA:186,15,1,0
BRDA:190,16,0,48
BRDA:190,16,1,1
BRDA:195,17,0,47
BRDA:195,17,1,1
BRDA:198,18,0,16
BRDA:198,18,1,31
BRDA:200,19,0,15
BRDA:200,19,1,1
BRDA:203,20,0,29
BRDA:203,20,1,2
BRDA:210,21,0,38
BRDA:210,21,1,6
BRDA:243,22,0,12
BRDA:243,22,1,0
BRDA:246,23,0,2
BRDA:246,23,1,10
BRDA:257,24,0,10
BRDA:257,24,1,0
BRDA:258,25,0,5
BRDA:258,25,1,5
BRDA:259,26,0,4
BRDA:259,26,1,1
BRDA:264,27,0,5
BRDA:264,27,1,5
BRDA:265,28,0,4
BRDA:265,28,1,1
BRDA:271,29,0,5
BRDA:271,29,1,5
BRDA:293,30,0,11
BRDA:293,30,1,0
BRDA:299,31,0,9
BRDA:299,31,1,2
BRDA:321,32,0,0
BRDA:321,32,1,3
BRDA:323,33,0,0
BRDA:323,33,1,0
BRDA:332,34,0,3
BRDA:332,34,1,0
BRDA:339,35,0,0
BRDA:339,35,1,0
BRDA:339,36,0,0
BRDA:339,36,1,0
BRDA:339,37,0,0
BRDA:339,37,1,0
BRDA:347,38,0,0
BRDA:347,38,1,0
BRDA:347,39,0,0
BRDA:347,39,1,0
BRDA:351,40,0,0
BRDA:351,40,1,0
BRDA:365,41,0,12
BRDA:365,41,1,0
BRDA:366,42,0,6
BRDA:366,42,1,6
BRDA:374,43,0,12
BRDA:374,43,1,0
BRDA:404,44,0,49
BRDA:404,44,1,0
BRDA:410,45,0,0
BRDA:410,45,1,0
BRDA:418,46,0,3
BRDA:418,46,1,0
BRDA:425,47,0,0
BRDA:425,47,1,0
BRDA:432,48,0,64
BRDA:432,48,1,0
BRDA:435,49,0,55
BRDA:435,49,1,1
BRDA:437,50,0,47
BRDA:437,50,1,0
BRDA:439,51,0,54
BRDA:439,51,1,1
BRDA:440,52,0,53
BRDA:440,52,1,1
BRDA:445,53,0,0
BRDA:445,53,1,39
BRDA:459,54,0,9
BRDA:459,54,1,0
BRDA:463,55,0,0
BRDA:463,55,1,9
BRDA:467,56,0,9
BRDA:467,56,1,0
BRDA:468,57,0,9
BRDA:468,57,1,0
BRDA:478,58,0,3
BRDA:478,58,1,2
BRDA:482,59,0,0
BRDA:482,59,1,3
BRDA:489,60,0,3
BRDA:489,60,1,0
BRDA:489,61,0,0
BRDA:489,61,1,3
BRDA:493,62,0,3
BRDA:493,62,1,0
BRDA:506,63,0,0
BRDA:506,63,1,0
BRDA:508,64,0,0
BRDA:508,64,1,0
BRDA:514,65,0,0
BRDA:514,65,1,0
BRDA:519,66,0,0
BRDA:519,66,1,0
BRDA:532,67,0,0
BRDA:532,67,1,0
BRDA:534,68,0,0
BRDA:534,68,1,0
BRDA:536,69,0,0
BRDA:536,69,1,0
BRDA:538,70,0,0
BRDA:538,70,1,0
BRF:140
BRH:80
end_of_record
TN:
SF:/home/blanta/Desktop/development/blockchain/LP/Hamza/hamza-escrow/src/RelayNode.sol
FN:13,constructor
FN:23,relay
FN:54,refundAll
FNF:3
FNH:2
FNDA:4,constructor
FNDA:2,relay
FNDA:0,refundAll
DA:15,4
DA:16,4
DA:19,4
DA:20,4
DA:24,2
DA:28,2
DA:29,2
DA:30,1
DA:36,1
DA:37,1
DA:38,1
DA:55,0
DA:56,0
DA:58,0
DA:62,0
DA:63,0
DA:64,0
DA:65,0
LF:18
LH:11
BRDA:20,1,0,3
BRDA:20,1,1,1
BRDA:23,2,0,2
BRDA:23,2,1,0
BRDA:28,3,0,2
BRDA:28,3,1,0
BRDA:29,4,0,1
BRDA:29,4,1,1
BRDA:44,5,0,0
BRDA:44,5,1,0
BRDA:46,6,0,0
BRDA:46,6,1,0
BRDA:54,7,0,0
BRDA:54,7,1,0
BRDA:58,8,0,0
BRDA:58,8,1,0
BRDA:64,9,0,0
BRDA:64,9,1,0
BRDA:65,10,0,0
BRDA:65,10,1,0
BRF:20
BRH:6
end_of_record
TN:
SF:/home/blanta/Desktop/development/blockchain/LP/Hamza/hamza-escrow/src/Roles.sol
FNF:0
FNH:0
LF:0
LH:0
BRF:0
BRH:0
end_of_record
TN:
SF:/home/blanta/Desktop/development/blockchain/LP/Hamza/hamza-escrow/src/SecurityContext.sol
FN:17,constructor
FN:20,hasRole
FNF:2
FNH:2
FNDA:67,constructor
FNDA:68,hasRole
DA:21,68
LF:1
LH:1
BRF:0
BRH:0
end_of_record
TN:
SF:/home/blanta/Desktop/development/blockchain/LP/Hamza/hamza-escrow/src/SystemSettings.sol
FN:24,vaultAddress
FN:31,feeBps
FN:49,constructor
FN:70,setVaultAddress
FN:91,setFeeBps
FNF:5
FNH:2
FNDA:0,vaultAddress
FNDA:3,feeBps
FNDA:67,constructor
FNDA:0,setVaultAddress
FNDA:0,setFeeBps
DA:25,0
DA:32,3
DA:50,67
DA:51,67
DA:52,0
DA:54,67
DA:55,67
DA:71,0
DA:72,0
DA:73,0
DA:75,0
DA:76,0
DA:92,0
DA:93,0
DA:94,0
LF:15
LH:5
BRDA:51,1,0,0
BRDA:51,1,1,67
BRDA:70,2,0,0
BRDA:70,2,1,0
BRDA:71,3,0,0
BRDA:71,3,1,0
BRDA:72,4,0,0
BRDA:72,4,1,0
BRDA:91,5,0,0
BRDA:91,5,1,0
BRDA:92,6,0,0
BRDA:92,6,1,0
BRF:12
BRH:1
end_of_record
TN:
SF:/home/blanta/Desktop/development/blockchain/LP/Hamza/hamza-escrow/src/test-contracts/FailingToken.sol
FN:17,constructor
FN:22,test
FN:24,setFailTransfers
FN:28,totalSupply
FN:32,balanceOf
FN:36,transfer
FN:52,allowance
FN:56,approve
FN:62,transferFrom
FNF:9
FNH:0
FNDA:0,constructor
FNDA:0,test
FNDA:0,setFailTransfers
FNDA:0,totalSupply
FNDA:0,balanceOf
FNDA:0,transfer
FNDA:0,allowance
FNDA:0,approve
FNDA:0,transferFrom
DA:18,0
DA:25,0
DA:29,0
DA:33,0
DA:37,0
DA:39,0
DA:42,0
DA:43,0
DA:44,0
DA:45,0
DA:47,0
DA:48,0
DA:49,0
DA:53,0
DA:57,0
DA:58,0
DA:59,0
DA:67,0
DA:69,0
DA:72,0
DA:73,0
DA:75,0
DA:76,0
DA:78,0
DA:79,0
DA:80,0
DA:83,0
DA:84,0
DA:85,0
LF:29
LH:0
BRDA:37,1,0,0
BRDA:37,1,1,0
BRDA:43,2,0,0
BRDA:43,2,1,0
BRDA:67,3,0,0
BRDA:67,3,1,0
BRDA:73,4,0,0
BRDA:73,4,1,0
BRDA:76,5,0,0
BRDA:76,5,1,0
BRF:10
BRH:0
end_of_record
TN:
SF:/home/blanta/Desktop/development/blockchain/LP/Hamza/hamza-escrow/src/test-contracts/TestToken.sol
FN:7,constructor
FN:9,mint
FN:14,test
FNF:3
FNH:2
FNDA:67,constructor
FNDA:201,mint
FNDA:0,test
DA:10,201
LF:1
LH:1
BRF:0
BRH:0
end_of_record
TN:
SF:/home/blanta/Desktop/development/blockchain/LP/Hamza/hamza-escrow/src/Types.sol
FNF:0
FNH:0
LF:0
LH:0
BRF:0
BRH:0
end_of_record
